2022-07-18 20:21:45,432 INFO notifyConnectTimeout:200

2022-07-18 20:21:45,443 INFO notifySocketTimeout:8000

2022-07-18 20:21:45,443 INFO isHealthCheck:true

2022-07-18 20:21:45,443 INFO maxHealthCheckFailCount:12

2022-07-18 20:21:45,443 INFO maxContent:10485760

2022-07-18 20:21:45,443 INFO spring.datasource.platform:mysql

2022-07-18 20:21:51,555 WARN DumpService start

2022-07-18 20:21:51,556 INFO start clear all config-info.

2022-07-18 20:21:51,557 WARN clear all config-info failed.

2022-07-18 20:21:51,572 INFO clear all config-info-tenant success.

2022-07-18 20:21:51,615 INFO [all-dump] 2 / 2

2022-07-18 20:21:51,615 INFO start clear all config-info-beta.

2022-07-18 20:21:51,616 WARN clear all config-info-beta failed.

2022-07-18 20:21:51,617 WARN clear all config-info-beta-tenant failed.

2022-07-18 20:21:51,619 INFO start clear all config-info-tag.

2022-07-18 20:21:51,620 WARN clear all config-info-tag failed.

2022-07-18 20:21:51,620 WARN clear all config-info-tag-tenant failed.

2022-07-18 20:44:44,893 INFO notifyConnectTimeout:200

2022-07-18 20:44:44,897 INFO notifySocketTimeout:8000

2022-07-18 20:44:44,897 INFO isHealthCheck:true

2022-07-18 20:44:44,897 INFO maxHealthCheckFailCount:12

2022-07-18 20:44:44,897 INFO maxContent:10485760

2022-07-18 20:44:48,489 INFO notifyConnectTimeout:200

2022-07-18 20:44:48,492 INFO notifySocketTimeout:8000

2022-07-18 20:44:48,492 INFO isHealthCheck:true

2022-07-18 20:44:48,493 INFO maxHealthCheckFailCount:12

2022-07-18 20:44:48,493 INFO maxContent:10485760

2022-07-18 20:44:48,493 INFO spring.datasource.platform:mysql

2022-07-18 20:44:53,989 WARN DumpService start

2022-07-18 20:44:53,990 INFO start clear all config-info.

2022-07-18 20:44:53,991 WARN clear all config-info failed.

2022-07-18 20:44:54,005 INFO clear all config-info-tenant success.

2022-07-18 20:44:54,041 INFO [all-dump] 2 / 2

2022-07-18 20:44:54,041 INFO start clear all config-info-beta.

2022-07-18 20:44:54,041 WARN clear all config-info-beta failed.

2022-07-18 20:44:54,042 WARN clear all config-info-beta-tenant failed.

2022-07-18 20:44:54,043 INFO start clear all config-info-tag.

2022-07-18 20:44:54,044 WARN clear all config-info-tag failed.

2022-07-18 20:44:54,044 WARN clear all config-info-tag-tenant failed.

2022-07-18 20:45:06,638 INFO notifyConnectTimeout:200

2022-07-18 20:45:06,641 INFO notifySocketTimeout:8000

2022-07-18 20:45:06,641 INFO isHealthCheck:true

2022-07-18 20:45:06,641 INFO maxHealthCheckFailCount:12

2022-07-18 20:45:06,641 INFO maxContent:10485760

2022-07-18 20:45:06,642 INFO spring.datasource.platform:mysql

2022-07-18 20:45:12,141 WARN DumpService start

2022-07-18 20:45:12,142 INFO start clear all config-info.

2022-07-18 20:45:12,143 WARN clear all config-info failed.

2022-07-18 20:45:12,154 INFO clear all config-info-tenant success.

2022-07-18 20:45:12,190 INFO [all-dump] 2 / 2

2022-07-18 20:45:12,190 INFO start clear all config-info-beta.

2022-07-18 20:45:12,191 WARN clear all config-info-beta failed.

2022-07-18 20:45:12,193 WARN clear all config-info-beta-tenant failed.

2022-07-18 20:45:12,195 INFO start clear all config-info-tag.

2022-07-18 20:45:12,195 WARN clear all config-info-tag failed.

2022-07-18 20:45:12,196 WARN clear all config-info-tag-tenant failed.

