2022-06-22 23:39:42,984 INFO Starting Nacos v1.4.3 on DESKTOP-9JLO93U with PID 22700 (D:\IdeaWorkSpace\SpringCloud\nacos-server-1.4.3\nacos\target\nacos-server.jar started by yjw in D:\IdeaWorkSpace\SpringCloud\nacos-server-1.4.3\nacos\bin)

2022-06-22 23:39:42,986 INFO The following profiles are active: standalone

2022-06-22 23:39:45,267 INFO Bean 'org.springframework.security.access.expression.method.DefaultMethodSecurityExpressionHandler@49c90a9c' of type [org.springframework.security.access.expression.method.DefaultMethodSecurityExpressionHandler] is not eligible for getting processed by all BeanPostProcessors (for example: not eligible for auto-proxying)

2022-06-22 23:39:45,273 INFO Bean 'methodSecurityMetadataSource' of type [org.springframework.security.access.method.DelegatingMethodSecurityMetadataSource] is not eligible for getting processed by all BeanPostProcessors (for example: not eligible for auto-proxying)

2022-06-22 23:39:46,162 INFO Tomcat initialized with port(s): 8848 (http)

2022-06-22 23:39:46,202 INFO Starting service [Tomcat]

2022-06-22 23:39:46,203 INFO Starting Servlet engine: [Apache Tomcat/9.0.38]

2022-06-22 23:39:46,215 INFO Loaded Apache Tomcat Native library [1.2.23] using APR version [1.7.0].

2022-06-22 23:39:46,215 INFO APR capabilities: IPv6 [true], sendfile [true], accept filters [false], random [true].

2022-06-22 23:39:46,216 INFO APR/OpenSSL configuration: useAprConnector [false], useOpenSSL [true]

2022-06-22 23:39:46,219 INFO OpenSSL successfully initialized [OpenSSL 1.1.1c  28 May 2019]

2022-06-22 23:39:46,575 INFO At least one JAR was scanned for TLDs yet contained no TLDs. Enable debug logging for this logger for a complete list of JARs that were scanned but no TLDs were found in them. Skipping unneeded JARs during scanning can improve startup time and JSP compilation time.

2022-06-22 23:39:46,628 INFO Initializing Spring embedded WebApplicationContext

2022-06-22 23:39:46,628 INFO Root WebApplicationContext: initialization completed in 3592 ms

2022-06-22 23:39:46,966 INFO HikariPool-1 - Starting...

2022-06-22 23:39:47,222 INFO HikariPool-1 - Start completed.

2022-06-22 23:39:48,251 INFO Nacos-related cluster resource initialization

2022-06-22 23:39:48,269 INFO The cluster resource is initialized

2022-06-22 23:39:48,715 INFO Reflections took 42 ms to scan 1 urls, producing 4 keys and 6 values 

2022-06-22 23:39:48,750 INFO Reflections took 6 ms to scan 1 urls, producing 6 keys and 26 values 

2022-06-22 23:39:48,767 INFO Reflections took 5 ms to scan 1 urls, producing 3 keys and 15 values 

2022-06-22 23:39:48,777 INFO Reflections took 3 ms to scan 1 urls, producing 2 keys and 12 values 

2022-06-22 23:39:49,455 INFO Initializing ExecutorService 'applicationTaskExecutor'

2022-06-22 23:39:49,671 INFO Adding welcome page: class path resource [static/index.html]

2022-06-22 23:39:50,159 INFO Creating filter chain: Ant [pattern='/**'], []

2022-06-22 23:39:50,217 INFO Creating filter chain: any request, [org.springframework.security.web.context.request.async.WebAsyncManagerIntegrationFilter@6326d182, org.springframework.security.web.context.SecurityContextPersistenceFilter@649725e3, org.springframework.security.web.header.HeaderWriterFilter@743cb8e0, org.springframework.security.web.csrf.CsrfFilter@6256ac4f, org.springframework.security.web.authentication.logout.LogoutFilter@4fad94a7, org.springframework.security.web.savedrequest.RequestCacheAwareFilter@4c168660, org.springframework.security.web.servletapi.SecurityContextHolderAwareRequestFilter@4eed46ee, org.springframework.security.web.authentication.AnonymousAuthenticationFilter@5241cf67, org.springframework.security.web.session.SessionManagementFilter@2c1b9e4b, org.springframework.security.web.access.ExceptionTranslationFilter@7fcbe147]

2022-06-22 23:39:50,387 INFO Initializing ExecutorService 'taskScheduler'

2022-06-22 23:39:50,742 INFO Exposing 2 endpoint(s) beneath base path '/actuator'

2022-06-22 23:39:51,170 INFO Tomcat started on port(s): 8848 (http) with context path '/nacos'

2022-06-22 23:39:51,174 INFO Started Nacos in 10.012 seconds (JVM running for 10.758)

2022-06-22 23:39:51,175 INFO Nacos started successfully in stand alone mode. use external storage

2022-06-22 23:40:21,720 INFO Initializing Spring DispatcherServlet 'dispatcherServlet'

2022-06-22 23:40:21,720 INFO Initializing Servlet 'dispatcherServlet'

2022-06-22 23:40:21,730 INFO Completed initialization in 9 ms

