2022-06-19 18:30:35,761 INFO DEFAULT_GROUP@@nacos-payment-provider-9001 is changed, add it to push queue.

2022-06-19 18:39:48,034 INFO DEFAULT_GROUP@@nacos-payment-provider is changed, add it to push queue.

2022-06-19 18:41:46,423 INFO DEFAULT_GROUP@@nacos-payment-provider-9001 is changed, add it to push queue.

2022-06-19 18:42:02,593 INFO DEFAULT_GROUP@@nacos-payment-provider is changed, add it to push queue.

2022-06-19 18:42:09,836 INFO DEFAULT_GROUP@@cloud-nacos-order82 is changed, add it to push queue.

2022-06-19 21:56:23,363 INFO DEFAULT_GROUP@@nacos-payment-provider is changed, add it to push queue.

2022-06-19 21:56:24,486 INFO DEFAULT_GROUP@@cloud-nacos-order82 is changed, add it to push queue.

2022-06-19 21:59:45,870 INFO DEFAULT_GROUP@@cloud-nacos-order82 is changed, add it to push queue.

2022-06-19 21:59:49,636 INFO DEFAULT_GROUP@@nacos-payment-provider is changed, add it to push queue.

2022-06-19 21:59:49,650 INFO serviceName: DEFAULT_GROUP@@nacos-payment-provider changed, schedule push for: 169.254.34.127:57433, agent: Nacos-Java-Client:v1.1.1, key: 169.254.34.127,57433,92366558424300

2022-06-19 21:59:49,650 INFO send udp packet: 169.254.34.127,57433,92366558424300

2022-06-19 21:59:49,662 INFO received ack: {"type": "push-ack", "lastRefTime":"92366558424300", "data":""} from: 169.254.34.127:57433, cost: 12 ms, unacked: 0, total push: 1

2022-06-19 22:04:45,523 INFO DEFAULT_GROUP@@nacos-config-client is changed, add it to push queue.

2022-06-19 22:26:01,025 INFO DEFAULT_GROUP@@nacos-config-client is changed, add it to push queue.

2022-06-19 22:26:18,167 INFO DEFAULT_GROUP@@nacos-config-client is changed, add it to push queue.

2022-06-19 22:30:53,878 INFO DEFAULT_GROUP@@nacos-config-client is changed, add it to push queue.

2022-06-19 22:31:08,978 INFO DEFAULT_GROUP@@nacos-config-client is changed, add it to push queue.

2022-06-19 22:39:57,055 INFO DEFAULT_GROUP@@nacos-config-client is changed, add it to push queue.

2022-06-19 22:40:13,503 INFO DEFAULT_GROUP@@nacos-config-client is changed, add it to push queue.

2022-06-19 22:56:37,153 INFO DEFAULT_GROUP@@cloud-nacos-order82 is changed, add it to push queue.

2022-06-19 22:56:37,158 INFO DEFAULT_GROUP@@nacos-config-client is changed, add it to push queue.

2022-06-19 22:56:40,642 INFO DEFAULT_GROUP@@nacos-payment-provider is changed, add it to push queue.

2022-06-19 22:58:57,977 INFO DEFAULT_GROUP@@nacos-config-client is changed, add it to push queue.

2022-06-19 23:01:04,803 INFO DEFAULT_GROUP@@nacos-config-client is changed, add it to push queue.

