2022-07-24 13:49:58,155 INFO PERFORMANCE:|0|0|-1|-1

2022-07-24 13:54:58,159 INFO PERFORMANCE:|1|1|-1|-1

2022-07-24 13:59:58,159 INFO PERFORMANCE:|1|1|-1|-1

2022-07-24 14:04:58,160 INFO PERFORMANCE:|1|1|-1|-1

2022-07-24 14:09:58,161 INFO PERFORMANCE:|1|1|-1|-1

2022-07-24 14:14:58,162 INFO PERFORMANCE:|1|1|-1|-1

2022-07-24 14:19:58,163 INFO PERFORMANCE:|1|1|-1|-1

2022-07-24 14:24:58,164 INFO PERFORMANCE:|1|1|-1|-1

2022-07-24 14:29:58,165 INFO PERFORMANCE:|1|1|-1|-1

2022-07-24 14:34:58,166 INFO PERFORMANCE:|1|1|-1|-1

2022-07-24 14:39:58,168 INFO PERFORMANCE:|1|1|-1|-1

2022-07-24 14:44:58,169 INFO PERFORMANCE:|1|1|-1|-1

2022-07-24 14:49:58,169 INFO PERFORMANCE:|1|1|-1|-1

2022-07-24 14:54:58,170 INFO PERFORMANCE:|1|1|-1|-1

2022-07-24 14:59:58,172 INFO PERFORMANCE:|1|1|-1|-1

2022-07-24 15:04:58,173 INFO PERFORMANCE:|1|1|-1|-1

2022-07-24 15:09:58,174 INFO PERFORMANCE:|1|1|-1|-1

2022-07-24 15:14:58,175 INFO PERFORMANCE:|1|1|-1|-1

2022-07-24 15:19:58,177 INFO PERFORMANCE:|1|1|-1|-1

2022-07-24 15:24:58,179 INFO PERFORMANCE:|1|1|-1|-1

2022-07-24 15:29:58,179 INFO PERFORMANCE:|1|1|-1|-1

2022-07-24 15:34:58,181 INFO PERFORMANCE:|1|1|-1|-1

2022-07-24 15:39:58,182 INFO PERFORMANCE:|1|1|-1|-1

2022-07-24 15:44:58,182 INFO PERFORMANCE:|1|1|-1|-1

2022-07-24 15:49:58,184 INFO PERFORMANCE:|1|1|-1|-1

2022-07-24 15:54:58,185 INFO PERFORMANCE:|1|1|-1|-1

2022-07-24 15:59:58,185 INFO PERFORMANCE:|1|1|-1|-1

2022-07-24 16:04:58,187 INFO PERFORMANCE:|1|1|-1|-1

2022-07-24 16:09:58,189 INFO PERFORMANCE:|1|1|-1|-1

2022-07-24 16:14:58,190 INFO PERFORMANCE:|1|1|-1|-1

2022-07-24 16:19:58,191 INFO PERFORMANCE:|1|1|-1|-1

2022-07-24 16:24:58,192 INFO PERFORMANCE:|1|1|-1|-1

2022-07-24 16:29:58,192 INFO PERFORMANCE:|1|1|-1|-1

2022-07-24 16:34:58,194 INFO PERFORMANCE:|1|1|-1|-1

2022-07-24 16:39:58,194 INFO PERFORMANCE:|1|1|-1|-1

2022-07-24 16:44:58,195 INFO PERFORMANCE:|1|1|-1|-1

2022-07-24 16:49:58,196 INFO PERFORMANCE:|1|1|-1|-1

2022-07-24 16:54:58,196 INFO PERFORMANCE:|1|1|-1|-1

2022-07-24 16:59:58,197 INFO PERFORMANCE:|1|1|-1|-1

2022-07-24 17:04:58,199 INFO PERFORMANCE:|1|1|-1|-1

2022-07-24 17:09:58,201 INFO PERFORMANCE:|1|1|-1|-1

2022-07-24 17:14:58,202 INFO PERFORMANCE:|1|1|-1|-1

2022-07-24 17:19:58,203 INFO PERFORMANCE:|1|1|-1|-1

2022-07-24 17:24:58,204 INFO PERFORMANCE:|1|1|-1|-1

2022-07-24 17:29:58,204 INFO PERFORMANCE:|1|1|-1|-1

2022-07-24 17:34:58,205 INFO PERFORMANCE:|1|1|-1|-1

2022-07-24 17:39:58,207 INFO PERFORMANCE:|1|1|-1|-1

2022-07-24 17:44:58,209 INFO PERFORMANCE:|1|1|-1|-1

2022-07-24 17:49:58,210 INFO PERFORMANCE:|1|1|-1|-1

2022-07-24 17:54:58,211 INFO PERFORMANCE:|1|1|-1|-1

2022-07-24 17:59:58,212 INFO PERFORMANCE:|1|1|-1|-1

2022-07-24 18:04:58,213 INFO PERFORMANCE:|1|1|-1|-1

2022-07-24 18:09:58,215 INFO PERFORMANCE:|1|1|-1|-1

2022-07-24 18:14:58,215 INFO PERFORMANCE:|1|1|-1|-1

2022-07-24 18:19:58,217 INFO PERFORMANCE:|1|1|-1|-1

2022-07-24 18:24:58,219 INFO PERFORMANCE:|1|1|-1|-1

2022-07-24 18:29:58,220 INFO PERFORMANCE:|1|1|-1|-1

2022-07-24 18:34:58,222 INFO PERFORMANCE:|1|1|-1|-1

2022-07-24 18:39:58,224 INFO PERFORMANCE:|1|1|-1|-1

2022-07-24 18:44:58,225 INFO PERFORMANCE:|1|1|-1|-1

2022-07-24 18:49:58,226 INFO PERFORMANCE:|1|1|-1|-1

2022-07-24 18:54:58,227 INFO PERFORMANCE:|1|1|-1|-1

2022-07-24 18:59:58,228 INFO PERFORMANCE:|1|1|-1|-1

2022-07-24 19:04:58,229 INFO PERFORMANCE:|1|1|-1|-1

2022-07-24 19:09:58,231 INFO PERFORMANCE:|1|1|-1|-1

2022-07-24 19:14:58,232 INFO PERFORMANCE:|1|1|-1|-1

2022-07-24 19:19:58,233 INFO PERFORMANCE:|1|1|-1|-1

2022-07-24 19:24:58,234 INFO PERFORMANCE:|1|1|-1|-1

2022-07-24 19:29:58,236 INFO PERFORMANCE:|1|1|-1|-1

2022-07-24 19:34:58,238 INFO PERFORMANCE:|1|1|-1|-1

2022-07-24 19:39:58,239 INFO PERFORMANCE:|1|1|-1|-1

2022-07-24 19:44:58,240 INFO PERFORMANCE:|1|1|-1|-1

2022-07-24 19:49:58,241 INFO PERFORMANCE:|1|1|-1|-1

2022-07-24 19:54:58,242 INFO PERFORMANCE:|1|1|-1|-1

2022-07-24 19:59:58,244 INFO PERFORMANCE:|1|1|-1|-1

2022-07-24 20:04:58,245 INFO PERFORMANCE:|1|1|-1|-1

2022-07-24 20:09:58,247 INFO PERFORMANCE:|1|1|-1|-1

2022-07-24 20:14:58,248 INFO PERFORMANCE:|1|1|-1|-1

2022-07-24 20:19:58,249 INFO PERFORMANCE:|1|1|-1|-1

2022-07-24 20:24:58,250 INFO PERFORMANCE:|1|1|-1|-1

2022-07-24 20:29:58,251 INFO PERFORMANCE:|1|1|-1|-1

2022-07-24 20:34:58,252 INFO PERFORMANCE:|1|1|-1|-1

2022-07-24 20:39:58,253 INFO PERFORMANCE:|1|1|-1|-1

2022-07-24 20:44:58,254 INFO PERFORMANCE:|1|1|-1|-1

2022-07-24 20:49:58,254 INFO PERFORMANCE:|1|1|-1|-1

2022-07-24 20:54:58,258 INFO PERFORMANCE:|1|1|-1|-1

2022-07-24 20:59:58,260 INFO PERFORMANCE:|1|1|-1|-1

2022-07-24 21:04:58,262 INFO PERFORMANCE:|1|1|-1|-1

2022-07-24 21:09:58,262 INFO PERFORMANCE:|1|1|-1|-1

2022-07-24 21:14:58,263 INFO PERFORMANCE:|1|1|-1|-1

2022-07-24 21:19:58,264 INFO PERFORMANCE:|1|1|-1|-1

2022-07-24 21:24:58,266 INFO PERFORMANCE:|1|1|-1|-1

2022-07-24 21:29:58,266 INFO PERFORMANCE:|1|1|-1|-1

2022-07-24 21:34:58,268 INFO PERFORMANCE:|1|1|-1|-1

2022-07-24 21:39:58,270 INFO PERFORMANCE:|1|1|-1|-1

2022-07-24 21:44:58,271 INFO PERFORMANCE:|1|1|-1|-1

2022-07-24 21:49:58,273 INFO PERFORMANCE:|1|1|-1|-1

2022-07-24 21:54:58,274 INFO PERFORMANCE:|1|1|-1|-1

2022-07-24 21:59:58,275 INFO PERFORMANCE:|1|1|-1|-1

2022-07-24 22:04:58,275 INFO PERFORMANCE:|1|1|-1|-1

2022-07-24 22:09:58,277 INFO PERFORMANCE:|1|1|-1|-1

2022-07-24 22:14:58,278 INFO PERFORMANCE:|1|1|-1|-1

2022-07-24 22:19:58,279 INFO PERFORMANCE:|1|1|-1|-1

2022-07-24 22:24:58,280 INFO PERFORMANCE:|1|1|-1|-1

2022-07-24 22:29:58,282 INFO PERFORMANCE:|1|1|-1|-1

2022-07-24 22:34:58,283 INFO PERFORMANCE:|1|1|-1|-1

2022-07-24 22:39:58,285 INFO PERFORMANCE:|1|1|-1|-1

2022-07-24 22:44:58,285 INFO PERFORMANCE:|1|1|-1|-1

