2022-06-19 18:29:00,661 INFO raft peers changed: [Member{ip='192.168.0.104', port=8848, state=UP, extendInfo={raftPort=7848}}]

2022-06-19 18:29:00,687 INFO initializing Raft sub-system

2022-06-19 18:29:00,689 INFO finish loading all datums, size: 0 cost 2 ms.

2022-06-19 18:29:00,692 INFO cache loaded, datum count: 0, current term: 0

2022-06-19 18:29:00,692 INFO finish to load data from disk, cost: 5 ms.

2022-06-19 18:29:00,696 INFO timer started: leader timeout ms: 15000, heart-beat timeout ms: 5000

2022-06-19 18:29:01,242 INFO add listener: com.alibaba.nacos.naming.domains.meta.00-00---000-NACOS_SWITCH_DOMAIN-000---00-00

2022-06-19 18:29:01,243 INFO leader timeout, start voting,leader: {"ip":"192.168.0.104:8848","term":0,"leaderDueMs":15513,"heartbeatDueMs":4500,"state":"FOLLOWER"}, term: 0

2022-06-19 18:29:01,256 INFO add listener: com.alibaba.nacos.naming.domains.meta.

2022-06-19 18:29:05,647 WARN start to close old raft protocol!!!

2022-06-19 18:29:05,647 WARN stop old raft protocol task for notifier

2022-06-19 18:29:05,647 WARN stop old raft protocol task for master task

2022-06-19 18:29:05,647 WARN stop old raft protocol task for heartbeat task

2022-06-19 18:29:05,647 WARN clean old cache datum for old raft

2022-06-19 18:29:05,647 WARN start to close old raft protocol!!!

2022-06-19 18:29:05,647 WARN stop old raft protocol task for notifier

2022-06-19 18:29:05,647 WARN stop old raft protocol task for master task

2022-06-19 18:29:05,647 WARN stop old raft protocol task for heartbeat task

2022-06-19 18:29:05,647 WARN clean old cache datum for old raft

2022-06-19 18:29:05,647 WARN start to move old raft protocol metadata

2022-06-19 18:29:05,648 WARN start to move old raft protocol metadata

2022-06-19 18:29:05,649 INFO raft peers changed: [Member{ip='192.168.0.104', port=8848, state=UP, extendInfo={lastRefreshTime=1655634545648, raftPort=7848, version=1.4.3}}]

2022-06-19 18:30:34,629 INFO add listener: com.alibaba.nacos.naming.iplist.public##DEFAULT_GROUP@@nacos-payment-provider-9001

2022-06-19 18:30:34,629 INFO add listener: com.alibaba.nacos.naming.iplist.public##DEFAULT_GROUP@@nacos-payment-provider-9001

2022-06-19 18:39:47,031 INFO add listener: com.alibaba.nacos.naming.iplist.public##DEFAULT_GROUP@@nacos-payment-provider

2022-06-19 18:42:08,833 INFO add listener: com.alibaba.nacos.naming.iplist.public##DEFAULT_GROUP@@cloud-nacos-order82

2022-06-19 18:42:08,833 INFO add listener: com.alibaba.nacos.naming.iplist.public##DEFAULT_GROUP@@cloud-nacos-order82

2022-06-19 18:43:51,263 INFO [RAFT-NOTIFIER] datum is deleted, key: com.alibaba.nacos.naming.domains.meta.public##DEFAULT_GROUP@@nacos-payment-provider-9001

2022-06-19 21:56:19,540 INFO raft peers changed: [Member{ip='192.168.0.104', port=8848, state=UP, extendInfo={raftPort=7848}}]

2022-06-19 21:56:19,575 INFO initializing Raft sub-system

2022-06-19 21:56:19,576 INFO finish loading all datums, size: 0 cost 1 ms.

2022-06-19 21:56:19,579 INFO cache loaded, datum count: 0, current term: 0

2022-06-19 21:56:19,579 INFO finish to load data from disk, cost: 4 ms.

2022-06-19 21:56:19,583 INFO timer started: leader timeout ms: 15000, heart-beat timeout ms: 5000

2022-06-19 21:56:20,268 INFO add listener: com.alibaba.nacos.naming.domains.meta.00-00---000-NACOS_SWITCH_DOMAIN-000---00-00

2022-06-19 21:56:20,284 INFO add listener: com.alibaba.nacos.naming.domains.meta.

2022-06-19 21:56:22,327 INFO add listener: com.alibaba.nacos.naming.iplist.public##DEFAULT_GROUP@@nacos-payment-provider

2022-06-19 21:56:22,327 INFO add listener: com.alibaba.nacos.naming.iplist.public##DEFAULT_GROUP@@nacos-payment-provider

2022-06-19 21:56:23,484 INFO add listener: com.alibaba.nacos.naming.iplist.public##DEFAULT_GROUP@@cloud-nacos-order82

2022-06-19 21:56:24,521 WARN start to close old raft protocol!!!

2022-06-19 21:56:24,521 WARN stop old raft protocol task for notifier

2022-06-19 21:56:24,521 WARN stop old raft protocol task for master task

2022-06-19 21:56:24,521 WARN stop old raft protocol task for heartbeat task

2022-06-19 21:56:24,521 WARN clean old cache datum for old raft

2022-06-19 21:56:24,521 WARN start to close old raft protocol!!!

2022-06-19 21:56:24,521 WARN stop old raft protocol task for notifier

2022-06-19 21:56:24,521 WARN stop old raft protocol task for master task

2022-06-19 21:56:24,521 WARN stop old raft protocol task for heartbeat task

2022-06-19 21:56:24,521 WARN clean old cache datum for old raft

2022-06-19 21:56:24,521 WARN start to move old raft protocol metadata

2022-06-19 21:56:24,523 WARN start to move old raft protocol metadata

2022-06-19 21:56:24,524 INFO raft peers changed: [Member{ip='192.168.0.104', port=8848, state=UP, extendInfo={lastRefreshTime=1655646984523, raftPort=7848, version=1.4.3}}]

2022-06-19 21:59:42,417 INFO raft peers changed: [Member{ip='192.168.0.104', port=8848, state=UP, extendInfo={raftPort=7848}}]

2022-06-19 21:59:42,439 INFO initializing Raft sub-system

2022-06-19 21:59:42,440 INFO finish loading all datums, size: 0 cost 1 ms.

2022-06-19 21:59:42,442 INFO cache loaded, datum count: 0, current term: 0

2022-06-19 21:59:42,442 INFO finish to load data from disk, cost: 3 ms.

2022-06-19 21:59:42,445 INFO timer started: leader timeout ms: 15000, heart-beat timeout ms: 5000

2022-06-19 21:59:42,946 INFO add listener: com.alibaba.nacos.naming.domains.meta.00-00---000-NACOS_SWITCH_DOMAIN-000---00-00

2022-06-19 21:59:42,960 INFO add listener: com.alibaba.nacos.naming.domains.meta.

2022-06-19 21:59:44,826 INFO add listener: com.alibaba.nacos.naming.iplist.public##DEFAULT_GROUP@@cloud-nacos-order82

2022-06-19 21:59:47,406 WARN start to close old raft protocol!!!

2022-06-19 21:59:47,406 WARN stop old raft protocol task for notifier

2022-06-19 21:59:47,406 WARN stop old raft protocol task for master task

2022-06-19 21:59:47,406 WARN stop old raft protocol task for heartbeat task

2022-06-19 21:59:47,406 WARN clean old cache datum for old raft

2022-06-19 21:59:47,406 WARN start to close old raft protocol!!!

2022-06-19 21:59:47,406 WARN stop old raft protocol task for notifier

2022-06-19 21:59:47,406 WARN stop old raft protocol task for master task

2022-06-19 21:59:47,406 WARN stop old raft protocol task for heartbeat task

2022-06-19 21:59:47,406 WARN clean old cache datum for old raft

2022-06-19 21:59:47,406 WARN start to move old raft protocol metadata

2022-06-19 21:59:47,408 WARN start to move old raft protocol metadata

2022-06-19 21:59:47,408 INFO raft peers changed: [Member{ip='192.168.0.104', port=8848, state=UP, extendInfo={lastRefreshTime=1655647187408, raftPort=7848, version=1.4.3}}]

2022-06-19 21:59:48,632 INFO add listener: com.alibaba.nacos.naming.iplist.public##DEFAULT_GROUP@@nacos-payment-provider

2022-06-19 22:04:44,521 INFO add listener: com.alibaba.nacos.naming.iplist.public##DEFAULT_GROUP@@nacos-config-client

2022-06-19 22:56:33,686 INFO raft peers changed: [Member{ip='192.168.0.104', port=8848, state=UP, extendInfo={raftPort=7848}}]

2022-06-19 22:56:33,715 INFO initializing Raft sub-system

2022-06-19 22:56:33,716 INFO finish loading all datums, size: 0 cost 1 ms.

2022-06-19 22:56:33,719 INFO cache loaded, datum count: 0, current term: 0

2022-06-19 22:56:33,719 INFO finish to load data from disk, cost: 4 ms.

2022-06-19 22:56:33,722 INFO timer started: leader timeout ms: 15000, heart-beat timeout ms: 5000

2022-06-19 22:56:34,320 INFO add listener: com.alibaba.nacos.naming.domains.meta.00-00---000-NACOS_SWITCH_DOMAIN-000---00-00

2022-06-19 22:56:34,340 INFO add listener: com.alibaba.nacos.naming.domains.meta.

2022-06-19 22:56:36,110 INFO add listener: com.alibaba.nacos.naming.iplist.public##DEFAULT_GROUP@@cloud-nacos-order82

2022-06-19 22:56:36,110 INFO add listener: com.alibaba.nacos.naming.iplist.public##DEFAULT_GROUP@@nacos-config-client

2022-06-19 22:56:38,672 WARN start to close old raft protocol!!!

2022-06-19 22:56:38,672 WARN stop old raft protocol task for notifier

2022-06-19 22:56:38,672 WARN stop old raft protocol task for master task

2022-06-19 22:56:38,672 WARN stop old raft protocol task for heartbeat task

2022-06-19 22:56:38,672 WARN clean old cache datum for old raft

2022-06-19 22:56:38,672 WARN start to close old raft protocol!!!

2022-06-19 22:56:38,672 WARN stop old raft protocol task for notifier

2022-06-19 22:56:38,672 WARN stop old raft protocol task for master task

2022-06-19 22:56:38,672 WARN stop old raft protocol task for heartbeat task

2022-06-19 22:56:38,672 WARN clean old cache datum for old raft

2022-06-19 22:56:38,672 WARN start to move old raft protocol metadata

2022-06-19 22:56:38,674 WARN start to move old raft protocol metadata

2022-06-19 22:56:38,674 INFO raft peers changed: [Member{ip='192.168.0.104', port=8848, state=UP, extendInfo={lastRefreshTime=1655650598674, raftPort=7848, version=1.4.3}}]

2022-06-19 22:56:39,536 INFO add listener: com.alibaba.nacos.naming.iplist.public##DEFAULT_GROUP@@nacos-payment-provider

